TN:
SF:C:\Users\wangshuai\Desktop\vue3-demo\vue3-component\vue3-json-schema-form\lib\SchemaForm.tsx
FN:20,(anonymous_0)
FN:21,(anonymous_1)
FN:28,(anonymous_2)
FNF:3
FNH:3
FNDA:1,(anonymous_0)
FNDA:1,(anonymous_1)
FNDA:1,(anonymous_2)
DA:2,1
DA:3,1
DA:4,1
DA:5,1
DA:21,1
DA:22,1
DA:24,1
DA:27,1
DA:28,1
DA:29,1
DA:30,1
LF:11
LH:11
BRF:0
BRH:0
end_of_record
TN:
SF:C:\Users\wangshuai\Desktop\vue3-demo\vue3-component\vue3-json-schema-form\lib\SchemaItem.tsx
FN:13,(anonymous_0)
FN:16,(anonymous_1)
FN:21,(anonymous_2)
FNF:3
FNH:3
FNDA:1,(anonymous_0)
FNDA:1,(anonymous_1)
FNDA:1,(anonymous_2)
DA:1,1
DA:2,1
DA:3,1
DA:4,1
DA:5,1
DA:6,1
DA:7,1
DA:10,1
DA:16,1
DA:18,1
DA:19,1
DA:21,1
DA:22,1
DA:23,1
DA:24,1
DA:27,1
DA:29,0
DA:30,0
DA:33,1
DA:34,1
DA:37,0
DA:38,0
DA:41,0
DA:42,0
DA:45,0
DA:49,1
LF:26
LH:19
BRDA:28,0,0,0
BRDA:28,0,1,1
BRDA:28,0,2,0
BRDA:28,0,3,0
BRDA:28,0,4,0
BRF:5
BRH:1
end_of_record
TN:
SF:C:\Users\wangshuai\Desktop\vue3-demo\vue3-component\vue3-json-schema-form\lib\context.ts
FN:13,useVJSFContext
FNF:1
FNH:0
FNDA:0,useVJSFContext
DA:9,1
DA:11,1
DA:14,0
DA:15,0
DA:16,0
DA:18,0
LF:6
LH:2
BRDA:15,0,0,0
BRDA:15,0,1,0
BRF:2
BRH:0
end_of_record
TN:
SF:C:\Users\wangshuai\Desktop\vue3-demo\vue3-component\vue3-json-schema-form\lib\index.ts
FNF:0
FNH:0
DA:9,1
DA:11,1
LF:2
LH:2
BRF:0
BRH:0
end_of_record
TN:
SF:C:\Users\wangshuai\Desktop\vue3-demo\vue3-component\vue3-json-schema-form\lib\types.ts
FN:10,(anonymous_0)
FNF:1
FNH:1
FNDA:1,(anonymous_0)
DA:9,1
DA:10,1
DA:11,1
DA:12,1
DA:13,1
DA:14,1
DA:15,1
DA:16,1
DA:59,1
DA:89,1
LF:10
LH:10
BRDA:10,0,0,1
BRDA:10,0,1,1
BRF:2
BRH:2
end_of_record
TN:
SF:C:\Users\wangshuai\Desktop\vue3-demo\vue3-component\vue3-json-schema-form\lib\utils.ts
FN:9,isObject
FN:13,isEmptyObject
FN:17,hasOwnProperty
FN:30,validateData
FN:39,resolveSchema
FN:48,(anonymous_5)
FN:58,retrieveSchema
FN:98,stubExistingAdditionalProperties
FN:109,(anonymous_8)
FN:150,resolveReference
FN:159,findSchemaDefinition
FN:178,resolveDependencies
FN:198,processDependencies
FN:242,withDependentProperties
FN:252,withDependentSchema
FN:273,(anonymous_15)
FN:287,withExactlyOneSubschema
FN:294,(anonymous_17)
FN:336,mergeSchemas
FN:338,(anonymous_19)
FN:370,getSchemaType
FN:387,(anonymous_21)
FN:419,guessType
FN:437,isConstant
FN:444,isSelect
FN:450,(anonymous_25)
FN:455,isMultiSelect
FN:463,getMatchingOption
FN:482,(anonymous_28)
FN:522,mergeDefaultsWithFormData
FN:527,(anonymous_30)
FN:535,(anonymous_31)
FN:547,getDefaultFormState
FNF:33
FNH:4
FNDA:1,isObject
FNDA:0,isEmptyObject
FNDA:3,hasOwnProperty
FNDA:0,validateData
FNDA:1,resolveSchema
FNDA:0,(anonymous_5)
FNDA:1,retrieveSchema
FNDA:0,stubExistingAdditionalProperties
FNDA:0,(anonymous_8)
FNDA:0,resolveReference
FNDA:0,findSchemaDefinition
FNDA:0,resolveDependencies
FNDA:0,processDependencies
FNDA:0,withDependentProperties
FNDA:0,withDependentSchema
FNDA:0,(anonymous_15)
FNDA:0,withExactlyOneSubschema
FNDA:0,(anonymous_17)
FNDA:0,mergeSchemas
FNDA:0,(anonymous_19)
FNDA:0,getSchemaType
FNDA:0,(anonymous_21)
FNDA:0,guessType
FNDA:0,isConstant
FNDA:0,isSelect
FNDA:0,(anonymous_25)
FNDA:0,isMultiSelect
FNDA:0,getMatchingOption
FNDA:0,(anonymous_28)
FNDA:0,mergeDefaultsWithFormData
FNDA:0,(anonymous_30)
FNDA:0,(anonymous_31)
FNDA:0,getDefaultFormState
DA:1,1
DA:5,1
DA:6,1
DA:7,1
DA:10,1
DA:14,0
DA:22,3
DA:29,1
DA:31,0
DA:32,0
DA:40,1
DA:41,0
DA:42,1
DA:43,0
DA:44,0
DA:45,1
DA:46,0
DA:49,0
DA:54,1
DA:63,1
DA:64,0
DA:66,1
DA:69,1
DA:70,0
DA:71,0
DA:77,0
DA:78,0
DA:79,0
DA:83,1
DA:85,1
DA:87,0
DA:93,1
DA:96,1
DA:104,0
DA:109,0
DA:110,0
DA:112,0
DA:116,0
DA:117,0
DA:122,0
DA:123,0
DA:125,0
DA:129,0
DA:131,0
DA:134,0
DA:152,0
DA:154,0
DA:156,0
DA:160,0
DA:161,0
DA:163,0
DA:165,0
DA:167,0
DA:168,0
DA:169,0
DA:171,0
DA:173,0
DA:175,0
DA:184,0
DA:185,0
DA:186,0
DA:190,0
DA:191,0
DA:196,0
DA:205,0
DA:207,0
DA:208,0
DA:211,0
DA:215,0
DA:220,0
DA:221,0
DA:222,0
DA:223,0
DA:224,0
DA:232,0
DA:239,0
DA:243,0
DA:244,0
DA:246,0
DA:249,0
DA:260,0
DA:265,0
DA:267,0
DA:268,0
DA:269,0
DA:270,0
DA:273,0
DA:274,0
DA:278,0
DA:294,0
DA:295,0
DA:296,0
DA:298,0
DA:299,0
DA:300,0
DA:307,0
DA:308,0
DA:311,0
DA:312,0
DA:315,0
DA:318,0
DA:322,0
DA:323,0
DA:324,0
DA:337,0
DA:338,0
DA:339,0
DA:340,0
DA:341,0
DA:342,0
DA:343,0
DA:353,0
DA:355,0
DA:357,0
DA:371,0
DA:373,0
DA:374,0
DA:377,0
DA:378,0
DA:381,0
DA:382,0
DA:385,0
DA:386,0
DA:387,0
DA:390,0
DA:419,1
DA:420,0
DA:421,0
DA:422,0
DA:423,0
DA:424,0
DA:425,0
DA:426,0
DA:427,0
DA:428,0
DA:429,0
DA:430,0
DA:431,0
DA:434,0
DA:438,0
DA:445,0
DA:446,0
DA:447,0
DA:448,0
DA:449,0
DA:450,0
DA:452,0
DA:456,0
DA:457,0
DA:459,0
DA:468,0
DA:469,0
DA:478,0
DA:481,0
DA:482,0
DA:490,0
DA:492,0
DA:494,0
DA:495,0
DA:498,0
DA:501,0
DA:503,0
DA:505,0
DA:510,0
DA:512,0
DA:513,0
DA:515,0
DA:516,0
DA:519,0
DA:523,0
DA:524,0
DA:525,0
DA:527,0
DA:528,0
DA:529,0
DA:531,0
DA:533,0
DA:534,0
DA:535,0
DA:536,0
DA:540,0
DA:543,0
DA:553,0
DA:554,0
DA:557,0
DA:566,0
DA:568,0
DA:570,0
DA:571,0
DA:573,0
DA:574,0
DA:576,0
LF:192
LH:19
BRDA:10,0,0,1
BRDA:10,0,1,1
BRDA:10,0,2,1
BRDA:14,1,0,0
BRDA:14,1,1,0
BRDA:39,2,0,0
BRDA:39,3,0,0
BRDA:40,4,0,0
BRDA:40,4,1,1
BRDA:42,5,0,0
BRDA:42,5,1,1
BRDA:45,6,0,0
BRDA:45,6,1,1
BRDA:45,7,0,1
BRDA:45,7,1,0
BRDA:60,8,0,0
BRDA:61,9,0,0
BRDA:63,10,0,0
BRDA:63,10,1,1
BRDA:69,11,0,0
BRDA:69,11,1,1
BRDA:83,12,0,1
BRDA:83,12,1,0
BRDA:85,13,0,0
BRDA:85,13,1,1
BRDA:100,14,0,0
BRDA:101,15,0,0
BRDA:110,16,0,0
BRDA:110,16,1,0
BRDA:116,17,0,0
BRDA:116,17,1,0
BRDA:122,18,0,0
BRDA:122,18,1,0
BRDA:159,19,0,0
BRDA:161,20,0,0
BRDA:161,20,1,0
BRDA:168,21,0,0
BRDA:168,21,1,0
BRDA:171,22,0,0
BRDA:171,22,1,0
BRDA:184,23,0,0
BRDA:185,24,0,0
BRDA:185,24,1,0
BRDA:190,25,0,0
BRDA:190,25,1,0
BRDA:207,26,0,0
BRDA:207,26,1,0
BRDA:211,27,0,0
BRDA:211,27,1,0
BRDA:212,28,0,0
BRDA:212,28,1,0
BRDA:221,29,0,0
BRDA:221,29,1,0
BRDA:223,30,0,0
BRDA:223,30,1,0
BRDA:243,31,0,0
BRDA:243,31,1,0
BRDA:247,32,0,0
BRDA:247,32,1,0
BRDA:267,33,0,0
BRDA:267,33,1,0
BRDA:269,34,0,0
BRDA:269,34,1,0
BRDA:275,35,0,0
BRDA:275,35,1,0
BRDA:295,36,0,0
BRDA:295,36,1,0
BRDA:299,37,0,0
BRDA:299,37,1,0
BRDA:308,38,0,0
BRDA:308,38,1,0
BRDA:311,39,0,0
BRDA:311,39,1,0
BRDA:339,40,0,0
BRDA:339,40,1,0
BRDA:341,41,0,0
BRDA:341,41,1,0
BRDA:341,42,0,0
BRDA:341,42,1,0
BRDA:341,42,2,0
BRDA:343,43,0,0
BRDA:343,43,1,0
BRDA:344,44,0,0
BRDA:344,44,1,0
BRDA:344,44,2,0
BRDA:344,44,3,0
BRDA:344,44,4,0
BRDA:344,44,5,0
BRDA:344,44,6,0
BRDA:373,45,0,0
BRDA:373,45,1,0
BRDA:373,46,0,0
BRDA:373,46,1,0
BRDA:377,47,0,0
BRDA:377,47,1,0
BRDA:377,48,0,0
BRDA:377,48,1,0
BRDA:381,49,0,0
BRDA:381,49,1,0
BRDA:381,50,0,0
BRDA:381,50,1,0
BRDA:381,50,2,0
BRDA:386,51,0,0
BRDA:386,51,1,0
BRDA:386,52,0,0
BRDA:386,52,1,0
BRDA:386,52,2,0
BRDA:420,53,0,0
BRDA:420,53,1,0
BRDA:422,54,0,0
BRDA:422,54,1,0
BRDA:424,55,0,0
BRDA:424,55,1,0
BRDA:426,56,0,0
BRDA:426,56,1,0
BRDA:428,57,0,0
BRDA:428,57,1,0
BRDA:430,58,0,0
BRDA:430,58,1,0
BRDA:439,59,0,0
BRDA:439,59,1,0
BRDA:439,59,2,0
BRDA:444,60,0,0
BRDA:446,61,0,0
BRDA:446,61,1,0
BRDA:447,62,0,0
BRDA:447,62,1,0
BRDA:449,63,0,0
BRDA:449,63,1,0
BRDA:455,64,0,0
BRDA:456,65,0,0
BRDA:456,65,1,0
BRDA:456,66,0,0
BRDA:456,66,1,0
BRDA:478,67,0,0
BRDA:478,67,1,0
BRDA:490,68,0,0
BRDA:490,68,1,0
BRDA:494,69,0,0
BRDA:494,69,1,0
BRDA:512,70,0,0
BRDA:512,70,1,0
BRDA:515,71,0,0
BRDA:515,71,1,0
BRDA:523,72,0,0
BRDA:523,72,1,0
BRDA:524,73,0,0
BRDA:524,73,1,0
BRDA:528,74,0,0
BRDA:528,74,1,0
BRDA:533,75,0,0
BRDA:533,75,1,0
BRDA:537,76,0,0
BRDA:537,76,1,0
BRDA:553,77,0,0
BRDA:553,77,1,0
BRDA:566,78,0,0
BRDA:566,78,1,0
BRDA:570,79,0,0
BRDA:570,79,1,0
BRDA:570,80,0,0
BRDA:570,80,1,0
BRDA:573,81,0,0
BRDA:573,81,1,0
BRDA:573,82,0,0
BRDA:573,82,1,0
BRDA:573,82,2,0
BRDA:576,83,0,0
BRDA:576,83,1,0
BRF:169
BRH:11
end_of_record
TN:
SF:C:\Users\wangshuai\Desktop\vue3-demo\vue3-component\vue3-json-schema-form\lib\fields\ArrayField.tsx
FN:10,(anonymous_0)
FN:13,(anonymous_1)
FN:20,(anonymous_2)
FN:32,(anonymous_3)
FN:38,(anonymous_4)
FN:43,(anonymous_5)
FN:44,(anonymous_6)
FN:50,(anonymous_7)
FN:56,(anonymous_8)
FNF:9
FNH:0
FNDA:0,(anonymous_0)
FNDA:0,(anonymous_1)
FNDA:0,(anonymous_2)
FNDA:0,(anonymous_3)
FNDA:0,(anonymous_4)
FNDA:0,(anonymous_5)
FNDA:0,(anonymous_6)
FNDA:0,(anonymous_7)
FNDA:0,(anonymous_8)
DA:1,1
DA:2,1
DA:3,1
DA:4,1
DA:5,1
DA:6,1
DA:7,1
DA:12,0
DA:13,0
DA:14,0
DA:15,0
DA:16,0
DA:17,0
DA:19,0
DA:20,0
DA:21,0
DA:22,0
DA:23,0
DA:24,0
DA:26,0
DA:30,0
DA:31,0
DA:32,0
DA:33,0
DA:38,0
DA:41,0
DA:42,0
DA:43,0
DA:44,0
DA:50,0
DA:55,0
DA:56,0
DA:57,0
LF:33
LH:7
BRDA:15,0,0,0
BRDA:15,0,1,0
BRDA:24,1,0,0
BRDA:24,1,1,0
BRDA:26,2,0,0
BRDA:26,2,1,0
BRDA:30,3,0,0
BRDA:30,3,1,0
BRDA:41,4,0,0
BRDA:41,4,1,0
BRDA:42,5,0,0
BRDA:42,5,1,0
BRF:12
BRH:0
end_of_record
TN:
SF:C:\Users\wangshuai\Desktop\vue3-demo\vue3-component\vue3-json-schema-form\lib\fields\ArrayItemWrapper.tsx
FN:45,(anonymous_0)
FN:48,(anonymous_1)
FN:52,(anonymous_2)
FN:53,(anonymous_3)
FN:54,(anonymous_4)
FN:55,(anonymous_5)
FNF:6
FNH:0
FNDA:0,(anonymous_0)
FNDA:0,(anonymous_1)
FNDA:0,(anonymous_2)
FNDA:0,(anonymous_3)
FNDA:0,(anonymous_4)
FNDA:0,(anonymous_5)
DA:1,1
DA:2,1
DA:4,1
DA:20,1
DA:46,0
DA:47,0
DA:48,0
DA:49,0
DA:50,0
DA:52,0
DA:53,0
DA:54,0
DA:55,0
LF:13
LH:4
BRDA:58,0,0,0
BRDA:58,0,1,0
BRF:2
BRH:0
end_of_record
TN:
SF:C:\Users\wangshuai\Desktop\vue3-demo\vue3-component\vue3-json-schema-form\lib\fields\NumberField.tsx
FN:6,(anonymous_0)
FN:7,(anonymous_1)
FN:15,(anonymous_2)
FNF:3
FNH:3
FNDA:1,(anonymous_0)
FNDA:1,(anonymous_1)
FNDA:1,(anonymous_2)
DA:1,1
DA:2,1
DA:3,1
DA:7,1
DA:8,1
DA:9,1
DA:10,0
DA:12,1
DA:15,1
DA:16,1
DA:18,1
LF:11
LH:10
BRDA:8,0,0,1
BRDA:8,0,1,0
BRDA:9,1,0,0
BRDA:9,1,1,1
BRF:4
BRH:2
end_of_record
TN:
SF:C:\Users\wangshuai\Desktop\vue3-demo\vue3-component\vue3-json-schema-form\lib\fields\ObjectField.tsx
FN:9,(anonymous_0)
FN:12,(anonymous_1)
FN:22,(anonymous_2)
FN:27,(anonymous_3)
FN:28,(anonymous_4)
FNF:5
FNH:0
FNDA:0,(anonymous_0)
FNDA:0,(anonymous_1)
FNDA:0,(anonymous_2)
FNDA:0,(anonymous_3)
FNDA:0,(anonymous_4)
DA:1,1
DA:2,1
DA:3,1
DA:4,1
DA:6,1
DA:11,0
DA:12,0
DA:13,0
DA:14,0
DA:15,0
DA:17,0
DA:19,0
DA:22,0
DA:23,0
DA:24,0
DA:25,0
DA:26,0
DA:27,0
DA:28,0
LF:19
LH:5
BRDA:13,0,0,0
BRDA:13,0,1,0
BRDA:14,1,0,0
BRDA:14,1,1,0
BRDA:14,2,0,0
BRDA:14,2,1,0
BRDA:25,3,0,0
BRDA:25,3,1,0
BRDA:26,4,0,0
BRDA:26,4,1,0
BRF:10
BRH:0
end_of_record
TN:
SF:C:\Users\wangshuai\Desktop\vue3-demo\vue3-component\vue3-json-schema-form\lib\fields\StringField.tsx
FN:6,(anonymous_0)
FN:7,(anonymous_1)
FN:11,(anonymous_2)
FNF:3
FNH:0
FNDA:0,(anonymous_0)
FNDA:0,(anonymous_1)
FNDA:0,(anonymous_2)
DA:1,1
DA:2,1
DA:3,1
DA:7,0
DA:8,0
DA:9,0
DA:11,0
DA:12,0
DA:13,0
LF:9
LH:3
BRF:0
BRH:0
end_of_record
TN:
SF:C:\Users\wangshuai\Desktop\vue3-demo\vue3-component\vue3-json-schema-form\lib\fields\helperWrapper.ts
FN:11,(anonymous_0)
FN:14,(anonymous_1)
FN:19,(anonymous_2)
FN:23,(anonymous_3)
FN:30,(anonymous_4)
FNF:5
FNH:0
FNDA:0,(anonymous_0)
FNDA:0,(anonymous_1)
FNDA:0,(anonymous_2)
FNDA:0,(anonymous_3)
FNDA:0,(anonymous_4)
DA:11,1
DA:12,0
DA:13,0
DA:14,0
DA:16,0
DA:17,0
DA:19,0
DA:20,0
DA:21,0
DA:23,0
DA:24,0
DA:26,0
DA:27,0
DA:28,0
DA:30,0
DA:31,0
DA:32,0
DA:33,0
DA:34,0
DA:36,0
LF:20
LH:1
BRDA:13,0,0,0
BRDA:13,0,1,0
BRDA:24,1,0,0
BRDA:24,1,1,0
BRDA:31,2,0,0
BRDA:31,2,1,0
BRF:6
BRH:0
end_of_record
TN:
SF:C:\Users\wangshuai\Desktop\vue3-demo\vue3-component\vue3-json-schema-form\lib\widgets\Selection.tsx
FN:14,(anonymous_0)
FN:16,(anonymous_1)
FN:21,(anonymous_2)
FN:21,(anonymous_3)
FN:26,(anonymous_4)
FN:29,(anonymous_5)
FN:31,(anonymous_6)
FNF:7
FNH:0
FNDA:0,(anonymous_0)
FNDA:0,(anonymous_1)
FNDA:0,(anonymous_2)
FNDA:0,(anonymous_3)
FNDA:0,(anonymous_4)
FNDA:0,(anonymous_5)
FNDA:0,(anonymous_6)
DA:1,1
DA:2,1
DA:4,1
DA:11,1
DA:15,0
DA:16,0
DA:17,0
DA:18,0
DA:21,0
DA:22,0
DA:23,0
DA:26,0
DA:27,0
DA:28,0
DA:29,0
DA:31,0
LF:16
LH:4
BRDA:17,0,0,0
BRDA:17,0,1,0
BRDA:22,1,0,0
BRDA:22,1,1,0
BRF:4
BRH:0
end_of_record
